0 info it worked if it ends with ok
1 verbose cli [ '/usr/bin/nodejs', '/usr/local/bin/npm', 'run', 'lite' ]
2 info using npm@3.10.7
3 info using node@v4.5.0
4 verbose run-script [ 'prelite', 'lite', 'postlite' ]
5 info lifecycle nameOfProgect@1.0.0~prelite: nameOfProgect@1.0.0
6 silly lifecycle nameOfProgect@1.0.0~prelite: no script for prelite, continuing
7 info lifecycle nameOfProgect@1.0.0~lite: nameOfProgect@1.0.0
8 verbose lifecycle nameOfProgect@1.0.0~lite: unsafe-perm in lifecycle true
9 verbose lifecycle nameOfProgect@1.0.0~lite: PATH: /usr/local/lib/node_modules/npm/bin/node-gyp-bin:/home/artifaqiq/angular2/calculator_fronted/node_modules/.bin:/usr/local/lib/node_modules/npm/bin/node-gyp-bin:/home/artifaqiq/angular2/calculator_fronted/node_modules/.bin:/home/artifaqiq/.rvm/gems/ruby-2.3.0/bin:/home/artifaqiq/.rvm/gems/ruby-2.3.0@global/bin:/home/artifaqiq/.rvm/rubies/ruby-2.3.0/bin:/usr/local/sbin:/usr/local/bin:/usr/sbin:/usr/bin:/sbin:/bin:/usr/games:/usr/local/games:/home/artifaqiq/.rvm/bin:/home/artifaqiq/.rvm/bin:/home/artifaqiq/.rvm/bin
10 verbose lifecycle nameOfProgect@1.0.0~lite: CWD: /home/artifaqiq/angular2/calculator_fronted
11 silly lifecycle nameOfProgect@1.0.0~lite: Args: [ '-c', 'lite-server' ]
12 silly lifecycle nameOfProgect@1.0.0~lite: Returned: code: 134  signal: null
13 info lifecycle nameOfProgect@1.0.0~lite: Failed to exec lite script
14 verbose stack Error: nameOfProgect@1.0.0 lite: `lite-server`
14 verbose stack Exit status 134
14 verbose stack     at EventEmitter.<anonymous> (/usr/local/lib/node_modules/npm/lib/utils/lifecycle.js:255:16)
14 verbose stack     at emitTwo (events.js:87:13)
14 verbose stack     at EventEmitter.emit (events.js:172:7)
14 verbose stack     at ChildProcess.<anonymous> (/usr/local/lib/node_modules/npm/lib/utils/spawn.js:40:14)
14 verbose stack     at emitTwo (events.js:87:13)
14 verbose stack     at ChildProcess.emit (events.js:172:7)
14 verbose stack     at maybeClose (internal/child_process.js:829:16)
14 verbose stack     at Process.ChildProcess._handle.onexit (internal/child_process.js:211:5)
15 verbose pkgid nameOfProgect@1.0.0
16 verbose cwd /home/artifaqiq/angular2/calculator_fronted
17 error Linux 4.4.0-21-generic
18 error argv "/usr/bin/nodejs" "/usr/local/bin/npm" "run" "lite"
19 error node v4.5.0
20 error npm  v3.10.7
21 error code ELIFECYCLE
22 error nameOfProgect@1.0.0 lite: `lite-server`
22 error Exit status 134
23 error Failed at the nameOfProgect@1.0.0 lite script 'lite-server'.
23 error Make sure you have the latest version of node.js and npm installed.
23 error If you do, this is most likely a problem with the nameOfProgect package,
23 error not with npm itself.
23 error Tell the author that this fails on your system:
23 error     lite-server
23 error You can get information on how to open an issue for this project with:
23 error     npm bugs nameOfProgect
23 error Or if that isn't available, you can get their info via:
23 error     npm owner ls nameOfProgect
23 error There is likely additional logging output above.
24 verbose exit [ 1, true ]
